<?xml version="1.0" encoding="UTF-8"?>
<!-- Generated by org.testng.reporters.JUnitReportReporter -->
<testsuite skipped="0" hostname="sydlCND8227BCL" name="servicensw.testCases.ServiceNSW" tests="1" failures="0" timestamp="20 Jan 2020 22:31:04 GMT" time="24.915" errors="0">
  <testcase name="validateNavigationToApplyaNumberPlate" time="24.915" classname="servicensw.testCases.ServiceNSW"/>
</testsuite> <!-- servicensw.testCases.ServiceNSW -->
